Analysis & Synthesis report for main
Tue Mar 11 14:56:24 2025
Quartus Prime Version 23.1std.1 Build 993 05/14/2024 SC Lite Edition


---------------------
; Table of Contents ;
---------------------
  1. Legal Notice
  2. Analysis & Synthesis Summary
  3. Analysis & Synthesis Settings
  4. Parallel Compilation
  5. Analysis & Synthesis Source Files Read
  6. Analysis & Synthesis Resource Usage Summary
  7. Analysis & Synthesis Resource Utilization by Entity
  8. Registers Removed During Synthesis
  9. Removed Registers Triggering Further Register Optimizations
 10. General Register Statistics
 11. Multiplexer Restructuring Statistics (Restructuring Performed)
 12. Parameter Settings for User Entity Instance: I_MEM:instr_mem
 13. Parameter Settings for User Entity Instance: ALU:alu
 14. Parameter Settings for User Entity Instance: dmem:data_mem
 15. Port Connectivity Checks: "mux_branch:muxBranch"
 16. Port Connectivity Checks: "ALU:alu"
 17. Port Connectivity Checks: "control:ctrl"
 18. Post-Synthesis Netlist Statistics for Top Partition
 19. Elapsed Time Per Partition
 20. Analysis & Synthesis Messages
 21. Analysis & Synthesis Suppressed Messages



----------------
; Legal Notice ;
----------------
Copyright (C) 2024  Intel Corporation. All rights reserved.
Your use of Intel Corporation's design tools, logic functions 
and other software and tools, and any partner logic 
functions, and any output files from any of the foregoing 
(including device programming or simulation files), and any 
associated documentation or information are expressly subject 
to the terms and conditions of the Intel Program License 
Subscription Agreement, the Intel Quartus Prime License Agreement,
the Intel FPGA IP License Agreement, or other applicable license
agreement, including, without limitation, that your use is for
the sole purpose of programming logic devices manufactured by
Intel and sold by Intel or its authorized distributors.  Please
refer to the applicable agreement for further details, at
https://fpgasoftware.intel.com/eula.



+-------------------------------------------------------------------------------------+
; Analysis & Synthesis Summary                                                        ;
+------------------------------------+------------------------------------------------+
; Analysis & Synthesis Status        ; Successful - Tue Mar 11 14:56:24 2025          ;
; Quartus Prime Version              ; 23.1std.1 Build 993 05/14/2024 SC Lite Edition ;
; Revision Name                      ; main                                           ;
; Top-level Entity Name              ; main                                           ;
; Family                             ; MAX 10                                         ;
; Total logic elements               ; 2,692                                          ;
;     Total combinational functions  ; 1,700                                          ;
;     Dedicated logic registers      ; 1,130                                          ;
; Total registers                    ; 1130                                           ;
; Total pins                         ; 98                                             ;
; Total virtual pins                 ; 0                                              ;
; Total memory bits                  ; 0                                              ;
; Embedded Multiplier 9-bit elements ; 0                                              ;
; Total PLLs                         ; 0                                              ;
; UFM blocks                         ; 0                                              ;
; ADC blocks                         ; 0                                              ;
+------------------------------------+------------------------------------------------+


+------------------------------------------------------------------------------------------------------------+
; Analysis & Synthesis Settings                                                                              ;
+------------------------------------------------------------------+--------------------+--------------------+
; Option                                                           ; Setting            ; Default Value      ;
+------------------------------------------------------------------+--------------------+--------------------+
; Device                                                           ; 10M08DAF484C8G     ;                    ;
; Top-level entity name                                            ; main               ; main               ;
; Family name                                                      ; MAX 10             ; Cyclone V          ;
; Use smart compilation                                            ; Off                ; Off                ;
; Enable parallel Assembler and Timing Analyzer during compilation ; On                 ; On                 ;
; Enable compact report table                                      ; Off                ; Off                ;
; Restructure Multiplexers                                         ; Auto               ; Auto               ;
; Create Debugging Nodes for IP Cores                              ; Off                ; Off                ;
; Preserve fewer node names                                        ; On                 ; On                 ;
; Intel FPGA IP Evaluation Mode                                    ; Enable             ; Enable             ;
; Verilog Version                                                  ; Verilog_2001       ; Verilog_2001       ;
; VHDL Version                                                     ; VHDL_1993          ; VHDL_1993          ;
; State Machine Processing                                         ; Auto               ; Auto               ;
; Safe State Machine                                               ; Off                ; Off                ;
; Extract Verilog State Machines                                   ; On                 ; On                 ;
; Extract VHDL State Machines                                      ; On                 ; On                 ;
; Ignore Verilog initial constructs                                ; Off                ; Off                ;
; Iteration limit for constant Verilog loops                       ; 5000               ; 5000               ;
; Iteration limit for non-constant Verilog loops                   ; 250                ; 250                ;
; Add Pass-Through Logic to Inferred RAMs                          ; On                 ; On                 ;
; Infer RAMs from Raw Logic                                        ; On                 ; On                 ;
; Parallel Synthesis                                               ; On                 ; On                 ;
; DSP Block Balancing                                              ; Auto               ; Auto               ;
; NOT Gate Push-Back                                               ; On                 ; On                 ;
; Power-Up Don't Care                                              ; On                 ; On                 ;
; Remove Redundant Logic Cells                                     ; Off                ; Off                ;
; Remove Duplicate Registers                                       ; On                 ; On                 ;
; Ignore CARRY Buffers                                             ; Off                ; Off                ;
; Ignore CASCADE Buffers                                           ; Off                ; Off                ;
; Ignore GLOBAL Buffers                                            ; Off                ; Off                ;
; Ignore ROW GLOBAL Buffers                                        ; Off                ; Off                ;
; Ignore LCELL Buffers                                             ; Off                ; Off                ;
; Ignore SOFT Buffers                                              ; On                 ; On                 ;
; Limit AHDL Integers to 32 Bits                                   ; Off                ; Off                ;
; Optimization Technique                                           ; Balanced           ; Balanced           ;
; Carry Chain Length                                               ; 70                 ; 70                 ;
; Auto Carry Chains                                                ; On                 ; On                 ;
; Auto Open-Drain Pins                                             ; On                 ; On                 ;
; Perform WYSIWYG Primitive Resynthesis                            ; Off                ; Off                ;
; Auto ROM Replacement                                             ; On                 ; On                 ;
; Auto RAM Replacement                                             ; On                 ; On                 ;
; Auto DSP Block Replacement                                       ; On                 ; On                 ;
; Auto Shift Register Replacement                                  ; Auto               ; Auto               ;
; Allow Shift Register Merging across Hierarchies                  ; Auto               ; Auto               ;
; Auto Clock Enable Replacement                                    ; On                 ; On                 ;
; Strict RAM Replacement                                           ; Off                ; Off                ;
; Allow Synchronous Control Signals                                ; On                 ; On                 ;
; Force Use of Synchronous Clear Signals                           ; Off                ; Off                ;
; Auto RAM Block Balancing                                         ; On                 ; On                 ;
; Auto RAM to Logic Cell Conversion                                ; Off                ; Off                ;
; Auto Resource Sharing                                            ; Off                ; Off                ;
; Allow Any RAM Size For Recognition                               ; Off                ; Off                ;
; Allow Any ROM Size For Recognition                               ; Off                ; Off                ;
; Allow Any Shift Register Size For Recognition                    ; Off                ; Off                ;
; Use LogicLock Constraints during Resource Balancing              ; On                 ; On                 ;
; Ignore translate_off and synthesis_off directives                ; Off                ; Off                ;
; Timing-Driven Synthesis                                          ; On                 ; On                 ;
; Report Parameter Settings                                        ; On                 ; On                 ;
; Report Source Assignments                                        ; On                 ; On                 ;
; Report Connectivity Checks                                       ; On                 ; On                 ;
; Ignore Maximum Fan-Out Assignments                               ; Off                ; Off                ;
; Synchronization Register Chain Length                            ; 2                  ; 2                  ;
; Power Optimization During Synthesis                              ; Normal compilation ; Normal compilation ;
; HDL message level                                                ; Level2             ; Level2             ;
; Suppress Register Optimization Related Messages                  ; Off                ; Off                ;
; Number of Removed Registers Reported in Synthesis Report         ; 5000               ; 5000               ;
; Number of Swept Nodes Reported in Synthesis Report               ; 5000               ; 5000               ;
; Number of Inverted Registers Reported in Synthesis Report        ; 100                ; 100                ;
; Clock MUX Protection                                             ; On                 ; On                 ;
; Auto Gated Clock Conversion                                      ; Off                ; Off                ;
; Block Design Naming                                              ; Auto               ; Auto               ;
; SDC constraint protection                                        ; Off                ; Off                ;
; Synthesis Effort                                                 ; Auto               ; Auto               ;
; Shift Register Replacement - Allow Asynchronous Clear Signal     ; On                 ; On                 ;
; Pre-Mapping Resynthesis Optimization                             ; Off                ; Off                ;
; Analysis & Synthesis Message Level                               ; Medium             ; Medium             ;
; Disable Register Merging Across Hierarchies                      ; Auto               ; Auto               ;
; Resource Aware Inference For Block RAM                           ; On                 ; On                 ;
+------------------------------------------------------------------+--------------------+--------------------+


+------------------------------------------+
; Parallel Compilation                     ;
+----------------------------+-------------+
; Processors                 ; Number      ;
+----------------------------+-------------+
; Number detected on machine ; 12          ;
; Maximum allowed            ; 12          ;
;                            ;             ;
; Average used               ; 1.01        ;
; Maximum used               ; 12          ;
;                            ;             ;
; Usage by Processor         ; % Time Used ;
;     Processor 1            ; 100.0%      ;
;     Processor 2            ;   0.1%      ;
;     Processor 3            ;   0.1%      ;
;     Processor 4            ;   0.1%      ;
;     Processor 5            ;   0.1%      ;
;     Processor 6            ;   0.1%      ;
;     Processor 7            ;   0.1%      ;
;     Processor 8            ;   0.1%      ;
;     Processors 9-12        ;   0.0%      ;
+----------------------------+-------------+


+-----------------------------------------------------------------------------------------------------------------------------------------------------------------------------------------------------------------------------+
; Analysis & Synthesis Source Files Read                                                                                                                                                                                      ;
+----------------------------------+-----------------+------------------------------+-------------------------------------------------------------------------------------------------------------------------------+---------+
; File Name with User-Entered Path ; Used in Netlist ; File Type                    ; File Name with Absolute Path                                                                                                  ; Library ;
+----------------------------------+-----------------+------------------------------+-------------------------------------------------------------------------------------------------------------------------------+---------+
; main.v                           ; yes             ; User Verilog HDL File        ; D:/Faculdade/Quarto Periodo/Arquitetura/Git-Monociclo/PROJETO-2-VA---PROCESSADOR-MONOCICLO-VERILOG/Monociclo/main.v           ;         ;
; control.v                        ; yes             ; User Verilog HDL File        ; D:/Faculdade/Quarto Periodo/Arquitetura/Git-Monociclo/PROJETO-2-VA---PROCESSADOR-MONOCICLO-VERILOG/Monociclo/control.v        ;         ;
; dmem.v                           ; yes             ; User Verilog HDL File        ; D:/Faculdade/Quarto Periodo/Arquitetura/Git-Monociclo/PROJETO-2-VA---PROCESSADOR-MONOCICLO-VERILOG/Monociclo/dmem.v           ;         ;
; PC.v                             ; yes             ; User Verilog HDL File        ; D:/Faculdade/Quarto Periodo/Arquitetura/Git-Monociclo/PROJETO-2-VA---PROCESSADOR-MONOCICLO-VERILOG/Monociclo/PC.v             ;         ;
; ALU.v                            ; yes             ; User Verilog HDL File        ; D:/Faculdade/Quarto Periodo/Arquitetura/Git-Monociclo/PROJETO-2-VA---PROCESSADOR-MONOCICLO-VERILOG/Monociclo/ALU.v            ;         ;
; mux_jump.v                       ; yes             ; User Verilog HDL File        ; D:/Faculdade/Quarto Periodo/Arquitetura/Git-Monociclo/PROJETO-2-VA---PROCESSADOR-MONOCICLO-VERILOG/Monociclo/mux_jump.v       ;         ;
; ALUControl.v                     ; yes             ; User Verilog HDL File        ; D:/Faculdade/Quarto Periodo/Arquitetura/Git-Monociclo/PROJETO-2-VA---PROCESSADOR-MONOCICLO-VERILOG/Monociclo/ALUControl.v     ;         ;
; i_mem.v                          ; yes             ; Auto-Found Verilog HDL File  ; D:/Faculdade/Quarto Periodo/Arquitetura/Git-Monociclo/PROJETO-2-VA---PROCESSADOR-MONOCICLO-VERILOG/Monociclo/i_mem.v          ;         ;
; instructions.bin                 ; yes             ; Auto-Found Unspecified File  ; D:/Faculdade/Quarto Periodo/Arquitetura/Git-Monociclo/PROJETO-2-VA---PROCESSADOR-MONOCICLO-VERILOG/Monociclo/instructions.bin ;         ;
; regfile.v                        ; yes             ; Auto-Found Verilog HDL File  ; D:/Faculdade/Quarto Periodo/Arquitetura/Git-Monociclo/PROJETO-2-VA---PROCESSADOR-MONOCICLO-VERILOG/Monociclo/regfile.v        ;         ;
; mux_regdst.v                     ; yes             ; Auto-Found Verilog HDL File  ; D:/Faculdade/Quarto Periodo/Arquitetura/Git-Monociclo/PROJETO-2-VA---PROCESSADOR-MONOCICLO-VERILOG/Monociclo/mux_regdst.v     ;         ;
; mux_alusrc.v                     ; yes             ; Auto-Found Verilog HDL File  ; D:/Faculdade/Quarto Periodo/Arquitetura/Git-Monociclo/PROJETO-2-VA---PROCESSADOR-MONOCICLO-VERILOG/Monociclo/mux_alusrc.v     ;         ;
; mux_memtoreg.v                   ; yes             ; Auto-Found Verilog HDL File  ; D:/Faculdade/Quarto Periodo/Arquitetura/Git-Monociclo/PROJETO-2-VA---PROCESSADOR-MONOCICLO-VERILOG/Monociclo/mux_memtoreg.v   ;         ;
; mux_branch.v                     ; yes             ; Auto-Found Verilog HDL File  ; D:/Faculdade/Quarto Periodo/Arquitetura/Git-Monociclo/PROJETO-2-VA---PROCESSADOR-MONOCICLO-VERILOG/Monociclo/mux_branch.v     ;         ;
+----------------------------------+-----------------+------------------------------+-------------------------------------------------------------------------------------------------------------------------------+---------+


+---------------------------------------------------------+
; Analysis & Synthesis Resource Usage Summary             ;
+---------------------------------------------+-----------+
; Resource                                    ; Usage     ;
+---------------------------------------------+-----------+
; Estimated Total logic elements              ; 2,692     ;
;                                             ;           ;
; Total combinational functions               ; 1700      ;
; Logic element usage by number of LUT inputs ;           ;
;     -- 4 input functions                    ; 1491      ;
;     -- 3 input functions                    ; 170       ;
;     -- <=2 input functions                  ; 39        ;
;                                             ;           ;
; Logic elements by mode                      ;           ;
;     -- normal mode                          ; 1671      ;
;     -- arithmetic mode                      ; 29        ;
;                                             ;           ;
; Total registers                             ; 1130      ;
;     -- Dedicated logic registers            ; 1130      ;
;     -- I/O registers                        ; 0         ;
;                                             ;           ;
; I/O pins                                    ; 98        ;
;                                             ;           ;
; Embedded Multiplier 9-bit elements          ; 0         ;
;                                             ;           ;
; Maximum fan-out node                        ; clk~input ;
; Maximum fan-out                             ; 1130      ;
; Total fan-out                               ; 11086     ;
; Average fan-out                             ; 3.66      ;
+---------------------------------------------+-----------+


+---------------------------------------------------------------------------------------------------------------------------------------------------------------------------------------------------------------------------------------------------+
; Analysis & Synthesis Resource Utilization by Entity                                                                                                                                                                                               ;
+-------------------------------+---------------------+---------------------------+-------------+------------+--------------+---------+-----------+------+--------------+------------+--------------------------------+--------------+--------------+
; Compilation Hierarchy Node    ; Combinational ALUTs ; Dedicated Logic Registers ; Memory Bits ; UFM Blocks ; DSP Elements ; DSP 9x9 ; DSP 18x18 ; Pins ; Virtual Pins ; ADC blocks ; Full Hierarchy Name            ; Entity Name  ; Library Name ;
+-------------------------------+---------------------+---------------------------+-------------+------------+--------------+---------+-----------+------+--------------+------------+--------------------------------+--------------+--------------+
; |main                         ; 1700 (92)           ; 1130 (32)                 ; 0           ; 0          ; 0            ; 0       ; 0         ; 98   ; 0            ; 0          ; |main                          ; main         ; work         ;
;    |ALUControl:aluctrl|       ; 4 (4)               ; 0 (0)                     ; 0           ; 0          ; 0            ; 0       ; 0         ; 0    ; 0            ; 0          ; |main|ALUControl:aluctrl       ; ALUControl   ; work         ;
;    |I_MEM:instr_mem|          ; 156 (156)           ; 0 (0)                     ; 0           ; 0          ; 0            ; 0       ; 0         ; 0    ; 0            ; 0          ; |main|I_MEM:instr_mem          ; I_MEM        ; work         ;
;    |PC:pc|                    ; 0 (0)               ; 32 (32)                   ; 0           ; 0          ; 0            ; 0       ; 0         ; 0    ; 0            ; 0          ; |main|PC:pc                    ; PC           ; work         ;
;    |REGFILE:regfile|          ; 712 (712)           ; 992 (992)                 ; 0           ; 0          ; 0            ; 0       ; 0         ; 0    ; 0            ; 0          ; |main|REGFILE:regfile          ; REGFILE      ; work         ;
;    |control:ctrl|             ; 21 (21)             ; 10 (10)                   ; 0           ; 0          ; 0            ; 0       ; 0         ; 0    ; 0            ; 0          ; |main|control:ctrl             ; control      ; work         ;
;    |dmem:data_mem|            ; 0 (0)               ; 32 (32)                   ; 0           ; 0          ; 0            ; 0       ; 0         ; 0    ; 0            ; 0          ; |main|dmem:data_mem            ; dmem         ; work         ;
;    |mux_jump:muxJump|         ; 678 (678)           ; 32 (32)                   ; 0           ; 0          ; 0            ; 0       ; 0         ; 0    ; 0            ; 0          ; |main|mux_jump:muxJump         ; mux_jump     ; work         ;
;    |mux_memtoreg:muxMemToReg| ; 32 (32)             ; 0 (0)                     ; 0           ; 0          ; 0            ; 0       ; 0         ; 0    ; 0            ; 0          ; |main|mux_memtoreg:muxMemToReg ; mux_memtoreg ; work         ;
;    |mux_regdst:muxRegDst|     ; 5 (5)               ; 0 (0)                     ; 0           ; 0          ; 0            ; 0       ; 0         ; 0    ; 0            ; 0          ; |main|mux_regdst:muxRegDst     ; mux_regdst   ; work         ;
+-------------------------------+---------------------+---------------------------+-------------+------------+--------------+---------+-----------+------+--------------+------------+--------------------------------+--------------+--------------+
Note: For table entries with two numbers listed, the numbers in parentheses indicate the number of resources of the given type used by the specific entity alone. The numbers listed outside of parentheses indicate the total resources of the given type used by the specific entity and all of its sub-entities in the hierarchy.


+--------------------------------------------------------------------------------------+
; Registers Removed During Synthesis                                                   ;
+----------------------------------------+---------------------------------------------+
; Register name                          ; Reason for Removal                          ;
+----------------------------------------+---------------------------------------------+
; ALU:alu|result[0..31]                  ; Stuck at GND due to stuck port clock        ;
; control:ctrl|ALUSrc                    ; Lost fanout                                 ;
; control:ctrl|Jump[1]                   ; Stuck at GND due to stuck port data_in      ;
; REGFILE:regfile|registers[0][0]        ; Stuck at GND due to stuck port clock_enable ;
; REGFILE:regfile|registers[0][1]        ; Stuck at GND due to stuck port clock_enable ;
; REGFILE:regfile|registers[0][2]        ; Stuck at GND due to stuck port clock_enable ;
; REGFILE:regfile|registers[0][3]        ; Stuck at GND due to stuck port clock_enable ;
; REGFILE:regfile|registers[0][4]        ; Stuck at GND due to stuck port clock_enable ;
; REGFILE:regfile|registers[0][5]        ; Stuck at GND due to stuck port clock_enable ;
; REGFILE:regfile|registers[0][6]        ; Stuck at GND due to stuck port clock_enable ;
; REGFILE:regfile|registers[0][7]        ; Stuck at GND due to stuck port clock_enable ;
; REGFILE:regfile|registers[0][8]        ; Stuck at GND due to stuck port clock_enable ;
; REGFILE:regfile|registers[0][9]        ; Stuck at GND due to stuck port clock_enable ;
; REGFILE:regfile|registers[0][10]       ; Stuck at GND due to stuck port clock_enable ;
; REGFILE:regfile|registers[0][11]       ; Stuck at GND due to stuck port clock_enable ;
; REGFILE:regfile|registers[0][12]       ; Stuck at GND due to stuck port clock_enable ;
; REGFILE:regfile|registers[0][13]       ; Stuck at GND due to stuck port clock_enable ;
; REGFILE:regfile|registers[0][14]       ; Stuck at GND due to stuck port clock_enable ;
; REGFILE:regfile|registers[0][15]       ; Stuck at GND due to stuck port clock_enable ;
; REGFILE:regfile|registers[0][16]       ; Stuck at GND due to stuck port clock_enable ;
; REGFILE:regfile|registers[0][17]       ; Stuck at GND due to stuck port clock_enable ;
; REGFILE:regfile|registers[0][18]       ; Stuck at GND due to stuck port clock_enable ;
; REGFILE:regfile|registers[0][19]       ; Stuck at GND due to stuck port clock_enable ;
; REGFILE:regfile|registers[0][20]       ; Stuck at GND due to stuck port clock_enable ;
; REGFILE:regfile|registers[0][21]       ; Stuck at GND due to stuck port clock_enable ;
; REGFILE:regfile|registers[0][22]       ; Stuck at GND due to stuck port clock_enable ;
; REGFILE:regfile|registers[0][23]       ; Stuck at GND due to stuck port clock_enable ;
; REGFILE:regfile|registers[0][24]       ; Stuck at GND due to stuck port clock_enable ;
; REGFILE:regfile|registers[0][25]       ; Stuck at GND due to stuck port clock_enable ;
; REGFILE:regfile|registers[0][26]       ; Stuck at GND due to stuck port clock_enable ;
; REGFILE:regfile|registers[0][27]       ; Stuck at GND due to stuck port clock_enable ;
; REGFILE:regfile|registers[0][28]       ; Stuck at GND due to stuck port clock_enable ;
; REGFILE:regfile|registers[0][29]       ; Stuck at GND due to stuck port clock_enable ;
; REGFILE:regfile|registers[0][30]       ; Stuck at GND due to stuck port clock_enable ;
; REGFILE:regfile|registers[0][31]       ; Stuck at GND due to stuck port clock_enable ;
; Total Number of Removed Registers = 66 ;                                             ;
+----------------------------------------+---------------------------------------------+


+------------------------------------------------------------------------------------------------------------------+
; Removed Registers Triggering Further Register Optimizations                                                      ;
+--------------------+-------------------------+-------------------------------------------------------------------+
; Register name      ; Reason for Removal      ; Registers Removed due to This Register                            ;
+--------------------+-------------------------+-------------------------------------------------------------------+
; ALU:alu|result[7]  ; Stuck at GND            ; REGFILE:regfile|registers[0][0], REGFILE:regfile|registers[0][1], ;
;                    ; due to stuck port clock ; REGFILE:regfile|registers[0][2], REGFILE:regfile|registers[0][3], ;
;                    ;                         ; REGFILE:regfile|registers[0][4], REGFILE:regfile|registers[0][5]  ;
; ALU:alu|result[31] ; Stuck at GND            ; REGFILE:regfile|registers[0][31]                                  ;
;                    ; due to stuck port clock ;                                                                   ;
; ALU:alu|result[30] ; Stuck at GND            ; REGFILE:regfile|registers[0][30]                                  ;
;                    ; due to stuck port clock ;                                                                   ;
; ALU:alu|result[29] ; Stuck at GND            ; REGFILE:regfile|registers[0][29]                                  ;
;                    ; due to stuck port clock ;                                                                   ;
; ALU:alu|result[28] ; Stuck at GND            ; REGFILE:regfile|registers[0][28]                                  ;
;                    ; due to stuck port clock ;                                                                   ;
; ALU:alu|result[27] ; Stuck at GND            ; REGFILE:regfile|registers[0][27]                                  ;
;                    ; due to stuck port clock ;                                                                   ;
; ALU:alu|result[26] ; Stuck at GND            ; REGFILE:regfile|registers[0][26]                                  ;
;                    ; due to stuck port clock ;                                                                   ;
; ALU:alu|result[25] ; Stuck at GND            ; REGFILE:regfile|registers[0][25]                                  ;
;                    ; due to stuck port clock ;                                                                   ;
; ALU:alu|result[24] ; Stuck at GND            ; REGFILE:regfile|registers[0][24]                                  ;
;                    ; due to stuck port clock ;                                                                   ;
; ALU:alu|result[23] ; Stuck at GND            ; REGFILE:regfile|registers[0][23]                                  ;
;                    ; due to stuck port clock ;                                                                   ;
; ALU:alu|result[22] ; Stuck at GND            ; REGFILE:regfile|registers[0][22]                                  ;
;                    ; due to stuck port clock ;                                                                   ;
; ALU:alu|result[21] ; Stuck at GND            ; REGFILE:regfile|registers[0][21]                                  ;
;                    ; due to stuck port clock ;                                                                   ;
; ALU:alu|result[20] ; Stuck at GND            ; REGFILE:regfile|registers[0][20]                                  ;
;                    ; due to stuck port clock ;                                                                   ;
; ALU:alu|result[19] ; Stuck at GND            ; REGFILE:regfile|registers[0][19]                                  ;
;                    ; due to stuck port clock ;                                                                   ;
; ALU:alu|result[18] ; Stuck at GND            ; REGFILE:regfile|registers[0][18]                                  ;
;                    ; due to stuck port clock ;                                                                   ;
; ALU:alu|result[17] ; Stuck at GND            ; REGFILE:regfile|registers[0][17]                                  ;
;                    ; due to stuck port clock ;                                                                   ;
; ALU:alu|result[16] ; Stuck at GND            ; REGFILE:regfile|registers[0][16]                                  ;
;                    ; due to stuck port clock ;                                                                   ;
; ALU:alu|result[15] ; Stuck at GND            ; REGFILE:regfile|registers[0][15]                                  ;
;                    ; due to stuck port clock ;                                                                   ;
; ALU:alu|result[14] ; Stuck at GND            ; REGFILE:regfile|registers[0][14]                                  ;
;                    ; due to stuck port clock ;                                                                   ;
; ALU:alu|result[13] ; Stuck at GND            ; REGFILE:regfile|registers[0][13]                                  ;
;                    ; due to stuck port clock ;                                                                   ;
; ALU:alu|result[12] ; Stuck at GND            ; REGFILE:regfile|registers[0][12]                                  ;
;                    ; due to stuck port clock ;                                                                   ;
; ALU:alu|result[11] ; Stuck at GND            ; REGFILE:regfile|registers[0][11]                                  ;
;                    ; due to stuck port clock ;                                                                   ;
; ALU:alu|result[10] ; Stuck at GND            ; REGFILE:regfile|registers[0][10]                                  ;
;                    ; due to stuck port clock ;                                                                   ;
; ALU:alu|result[9]  ; Stuck at GND            ; REGFILE:regfile|registers[0][9]                                   ;
;                    ; due to stuck port clock ;                                                                   ;
; ALU:alu|result[8]  ; Stuck at GND            ; REGFILE:regfile|registers[0][8]                                   ;
;                    ; due to stuck port clock ;                                                                   ;
+--------------------+-------------------------+-------------------------------------------------------------------+


+------------------------------------------------------+
; General Register Statistics                          ;
+----------------------------------------------+-------+
; Statistic                                    ; Value ;
+----------------------------------------------+-------+
; Total registers                              ; 1130  ;
; Number of registers using Synchronous Clear  ; 0     ;
; Number of registers using Synchronous Load   ; 32    ;
; Number of registers using Asynchronous Clear ; 992   ;
; Number of registers using Asynchronous Load  ; 0     ;
; Number of registers using Clock Enable       ; 1024  ;
; Number of registers using Preset             ; 0     ;
+----------------------------------------------+-------+


+-------------------------------------------------------------------------------------------------------------------------------------------------------+
; Multiplexer Restructuring Statistics (Restructuring Performed)                                                                                        ;
+--------------------+-----------+---------------+----------------------+------------------------+------------+-----------------------------------------+
; Multiplexer Inputs ; Bus Width ; Baseline Area ; Area if Restructured ; Saving if Restructured ; Registered ; Example Multiplexer Output              ;
+--------------------+-----------+---------------+----------------------+------------------------+------------+-----------------------------------------+
; 33:1               ; 32 bits   ; 704 LEs       ; 704 LEs              ; 0 LEs                  ; Yes        ; |main|mux_jump:muxJump|pcInstruction[0] ;
; 32:1               ; 32 bits   ; 672 LEs       ; 672 LEs              ; 0 LEs                  ; No         ; |main|REGFILE:regfile|Mux32             ;
+--------------------+-----------+---------------+----------------------+------------------------+------------+-----------------------------------------+


+--------------------------------------------------------------+
; Parameter Settings for User Entity Instance: I_MEM:instr_mem ;
+----------------+-------+-------------------------------------+
; Parameter Name ; Value ; Type                                ;
+----------------+-------+-------------------------------------+
; MEM_SIZE       ; 256   ; Signed Integer                      ;
+----------------+-------+-------------------------------------+
Note: In order to hide this table in the UI and the text report file, please set the "Show Parameter Settings in Synthesis Report" option in "Analysis and Synthesis Settings -> More Settings" to "Off".


+------------------------------------------------------+
; Parameter Settings for User Entity Instance: ALU:alu ;
+----------------+-------+-----------------------------+
; Parameter Name ; Value ; Type                        ;
+----------------+-------+-----------------------------+
; ADD            ; 0001  ; Unsigned Binary             ;
; SUB            ; 0010  ; Unsigned Binary             ;
; SHL_U          ; 0011  ; Unsigned Binary             ;
; SHR_U          ; 0100  ; Unsigned Binary             ;
; SHL_S          ; 0101  ; Unsigned Binary             ;
; SHR_S          ; 0110  ; Unsigned Binary             ;
; LT             ; 0111  ; Unsigned Binary             ;
; EQ             ; 1000  ; Unsigned Binary             ;
; NEQ            ; 1001  ; Unsigned Binary             ;
; AND            ; 1010  ; Unsigned Binary             ;
; OR             ; 1011  ; Unsigned Binary             ;
; XOR            ; 1100  ; Unsigned Binary             ;
; NOR            ; 1101  ; Unsigned Binary             ;
+----------------+-------+-----------------------------+
Note: In order to hide this table in the UI and the text report file, please set the "Show Parameter Settings in Synthesis Report" option in "Analysis and Synthesis Settings -> More Settings" to "Off".


+------------------------------------------------------------+
; Parameter Settings for User Entity Instance: dmem:data_mem ;
+----------------+-------+-----------------------------------+
; Parameter Name ; Value ; Type                              ;
+----------------+-------+-----------------------------------+
; MEM_SIZE       ; 64    ; Signed Integer                    ;
+----------------+-------+-----------------------------------+
Note: In order to hide this table in the UI and the text report file, please set the "Show Parameter Settings in Synthesis Report" option in "Analysis and Synthesis Settings -> More Settings" to "Off".


+-------------------------------------------------------------------------------------------------------------------+
; Port Connectivity Checks: "mux_branch:muxBranch"                                                                  ;
+---------+--------+----------+-------------------------------------------------------------------------------------+
; Port    ; Type   ; Severity ; Details                                                                             ;
+---------+--------+----------+-------------------------------------------------------------------------------------+
; mux_out ; Output ; Info     ; Connected to dangling logic. Logic that only feeds a dangling port will be removed. ;
+---------+--------+----------+-------------------------------------------------------------------------------------+


+------------------------------------------------------------------------------------------------------------------------------------------------------------------------+
; Port Connectivity Checks: "ALU:alu"                                                                                                                                    ;
+------+-------+----------+----------------------------------------------------------------------------------------------------------------------------------------------+
; Port ; Type  ; Severity ; Details                                                                                                                                      ;
+------+-------+----------+----------------------------------------------------------------------------------------------------------------------------------------------+
; clk  ; Input ; Warning  ; Declared by entity but not connected by instance. If a default value exists, it will be used.  Otherwise, the port will be connected to GND. ;
+------+-------+----------+----------------------------------------------------------------------------------------------------------------------------------------------+


+--------------------------------------------------------------------------------------------------------------------------------------+
; Port Connectivity Checks: "control:ctrl"                                                                                             ;
+-------+--------+----------+----------------------------------------------------------------------------------------------------------+
; Port  ; Type   ; Severity ; Details                                                                                                  ;
+-------+--------+----------+----------------------------------------------------------------------------------------------------------+
; PCSrc ; Output ; Warning  ; Declared by entity but not connected by instance. Logic that only feeds a dangling port will be removed. ;
+-------+--------+----------+----------------------------------------------------------------------------------------------------------+


+-----------------------------------------------------+
; Post-Synthesis Netlist Statistics for Top Partition ;
+-----------------------+-----------------------------+
; Type                  ; Count                       ;
+-----------------------+-----------------------------+
; boundary_port         ; 98                          ;
; cycloneiii_ff         ; 1130                        ;
;     ENA               ; 32                          ;
;     ENA CLR           ; 992                         ;
;     SLD               ; 32                          ;
;     plain             ; 74                          ;
; cycloneiii_io_obuf    ; 32                          ;
; cycloneiii_lcell_comb ; 1701                        ;
;     arith             ; 29                          ;
;         3 data inputs ; 29                          ;
;     normal            ; 1672                        ;
;         0 data inputs ; 1                           ;
;         2 data inputs ; 39                          ;
;         3 data inputs ; 141                         ;
;         4 data inputs ; 1491                        ;
;                       ;                             ;
; Max LUT depth         ; 9.00                        ;
; Average LUT depth     ; 6.26                        ;
+-----------------------+-----------------------------+


+-------------------------------+
; Elapsed Time Per Partition    ;
+----------------+--------------+
; Partition Name ; Elapsed Time ;
+----------------+--------------+
; Top            ; 00:00:02     ;
+----------------+--------------+


+-------------------------------+
; Analysis & Synthesis Messages ;
+-------------------------------+
Info: *******************************************************************
Info: Running Quartus Prime Analysis & Synthesis
    Info: Version 23.1std.1 Build 993 05/14/2024 SC Lite Edition
    Info: Processing started: Tue Mar 11 14:56:16 2025
Info: Command: quartus_map --read_settings_files=on --write_settings_files=off Monociclo -c main
Warning (18236): Number of processors has not been specified which may cause overloading on shared machines.  Set the global assignment NUM_PARALLEL_PROCESSORS in your QSF to an appropriate value for best performance.
Info (20030): Parallel compilation is enabled and will use 12 of the 12 processors detected
Info (12021): Found 1 design units, including 1 entities, in source file main.v
    Info (12023): Found entity 1: main File: D:/Faculdade/Quarto Periodo/Arquitetura/Git-Monociclo/PROJETO-2-VA---PROCESSADOR-MONOCICLO-VERILOG/Monociclo/main.v Line: 1
Info (12021): Found 1 design units, including 1 entities, in source file control.v
    Info (12023): Found entity 1: control File: D:/Faculdade/Quarto Periodo/Arquitetura/Git-Monociclo/PROJETO-2-VA---PROCESSADOR-MONOCICLO-VERILOG/Monociclo/control.v Line: 30
Info (12021): Found 1 design units, including 1 entities, in source file dmem.v
    Info (12023): Found entity 1: dmem File: D:/Faculdade/Quarto Periodo/Arquitetura/Git-Monociclo/PROJETO-2-VA---PROCESSADOR-MONOCICLO-VERILOG/Monociclo/dmem.v Line: 1
Info (12021): Found 1 design units, including 1 entities, in source file pc.v
    Info (12023): Found entity 1: PC File: D:/Faculdade/Quarto Periodo/Arquitetura/Git-Monociclo/PROJETO-2-VA---PROCESSADOR-MONOCICLO-VERILOG/Monociclo/PC.v Line: 1
Info (12021): Found 1 design units, including 1 entities, in source file alu.v
    Info (12023): Found entity 1: ALU File: D:/Faculdade/Quarto Periodo/Arquitetura/Git-Monociclo/PROJETO-2-VA---PROCESSADOR-MONOCICLO-VERILOG/Monociclo/ALU.v Line: 1
Info (12021): Found 1 design units, including 1 entities, in source file mux_jump.v
    Info (12023): Found entity 1: mux_jump File: D:/Faculdade/Quarto Periodo/Arquitetura/Git-Monociclo/PROJETO-2-VA---PROCESSADOR-MONOCICLO-VERILOG/Monociclo/mux_jump.v Line: 1
Info (12021): Found 1 design units, including 1 entities, in source file alucontrol.v
    Info (12023): Found entity 1: ALUControl File: D:/Faculdade/Quarto Periodo/Arquitetura/Git-Monociclo/PROJETO-2-VA---PROCESSADOR-MONOCICLO-VERILOG/Monociclo/ALUControl.v Line: 1
Info (12127): Elaborating entity "main" for the top level hierarchy
Warning (10036): Verilog HDL or VHDL warning at main.v(125): object "jumpAddr" assigned a value but never read File: D:/Faculdade/Quarto Periodo/Arquitetura/Git-Monociclo/PROJETO-2-VA---PROCESSADOR-MONOCICLO-VERILOG/Monociclo/main.v Line: 125
Info (12128): Elaborating entity "PC" for hierarchy "PC:pc" File: D:/Faculdade/Quarto Periodo/Arquitetura/Git-Monociclo/PROJETO-2-VA---PROCESSADOR-MONOCICLO-VERILOG/Monociclo/main.v Line: 34
Warning (12125): Using design file i_mem.v, which is not specified as a design file for the current project, but contains definitions for 1 design units and 1 entities in project
    Info (12023): Found entity 1: I_MEM File: D:/Faculdade/Quarto Periodo/Arquitetura/Git-Monociclo/PROJETO-2-VA---PROCESSADOR-MONOCICLO-VERILOG/Monociclo/i_mem.v Line: 1
Info (12128): Elaborating entity "I_MEM" for hierarchy "I_MEM:instr_mem" File: D:/Faculdade/Quarto Periodo/Arquitetura/Git-Monociclo/PROJETO-2-VA---PROCESSADOR-MONOCICLO-VERILOG/Monociclo/main.v Line: 40
Warning (10850): Verilog HDL warning at i_mem.v(12): number of words (64) in memory file does not match the number of elements in the address range [0:255] File: D:/Faculdade/Quarto Periodo/Arquitetura/Git-Monociclo/PROJETO-2-VA---PROCESSADOR-MONOCICLO-VERILOG/Monociclo/i_mem.v Line: 12
Warning (10030): Net "memory.data_a" at i_mem.v(7) has no driver or initial value, using a default initial value '0' File: D:/Faculdade/Quarto Periodo/Arquitetura/Git-Monociclo/PROJETO-2-VA---PROCESSADOR-MONOCICLO-VERILOG/Monociclo/i_mem.v Line: 7
Warning (10030): Net "memory.waddr_a" at i_mem.v(7) has no driver or initial value, using a default initial value '0' File: D:/Faculdade/Quarto Periodo/Arquitetura/Git-Monociclo/PROJETO-2-VA---PROCESSADOR-MONOCICLO-VERILOG/Monociclo/i_mem.v Line: 7
Warning (10030): Net "memory.we_a" at i_mem.v(7) has no driver or initial value, using a default initial value '0' File: D:/Faculdade/Quarto Periodo/Arquitetura/Git-Monociclo/PROJETO-2-VA---PROCESSADOR-MONOCICLO-VERILOG/Monociclo/i_mem.v Line: 7
Info (12128): Elaborating entity "ALUControl" for hierarchy "ALUControl:aluctrl" File: D:/Faculdade/Quarto Periodo/Arquitetura/Git-Monociclo/PROJETO-2-VA---PROCESSADOR-MONOCICLO-VERILOG/Monociclo/main.v Line: 47
Warning (10272): Verilog HDL Case Statement warning at ALUControl.v(38): case item expression covers a value already covered by a previous case item File: D:/Faculdade/Quarto Periodo/Arquitetura/Git-Monociclo/PROJETO-2-VA---PROCESSADOR-MONOCICLO-VERILOG/Monociclo/ALUControl.v Line: 38
Info (12128): Elaborating entity "control" for hierarchy "control:ctrl" File: D:/Faculdade/Quarto Periodo/Arquitetura/Git-Monociclo/PROJETO-2-VA---PROCESSADOR-MONOCICLO-VERILOG/Monociclo/main.v Line: 62
Warning (12125): Using design file regfile.v, which is not specified as a design file for the current project, but contains definitions for 1 design units and 1 entities in project
    Info (12023): Found entity 1: REGFILE File: D:/Faculdade/Quarto Periodo/Arquitetura/Git-Monociclo/PROJETO-2-VA---PROCESSADOR-MONOCICLO-VERILOG/Monociclo/regfile.v Line: 1
Info (12128): Elaborating entity "REGFILE" for hierarchy "REGFILE:regfile" File: D:/Faculdade/Quarto Periodo/Arquitetura/Git-Monociclo/PROJETO-2-VA---PROCESSADOR-MONOCICLO-VERILOG/Monociclo/main.v Line: 75
Warning (12125): Using design file mux_regdst.v, which is not specified as a design file for the current project, but contains definitions for 1 design units and 1 entities in project
    Info (12023): Found entity 1: mux_regdst File: D:/Faculdade/Quarto Periodo/Arquitetura/Git-Monociclo/PROJETO-2-VA---PROCESSADOR-MONOCICLO-VERILOG/Monociclo/mux_regdst.v Line: 1
Info (12128): Elaborating entity "mux_regdst" for hierarchy "mux_regdst:muxRegDst" File: D:/Faculdade/Quarto Periodo/Arquitetura/Git-Monociclo/PROJETO-2-VA---PROCESSADOR-MONOCICLO-VERILOG/Monociclo/main.v Line: 83
Warning (12125): Using design file mux_alusrc.v, which is not specified as a design file for the current project, but contains definitions for 1 design units and 1 entities in project
    Info (12023): Found entity 1: mux_alusrc File: D:/Faculdade/Quarto Periodo/Arquitetura/Git-Monociclo/PROJETO-2-VA---PROCESSADOR-MONOCICLO-VERILOG/Monociclo/mux_alusrc.v Line: 1
Info (12128): Elaborating entity "mux_alusrc" for hierarchy "mux_alusrc:muxALUSrc" File: D:/Faculdade/Quarto Periodo/Arquitetura/Git-Monociclo/PROJETO-2-VA---PROCESSADOR-MONOCICLO-VERILOG/Monociclo/main.v Line: 94
Info (12128): Elaborating entity "ALU" for hierarchy "ALU:alu" File: D:/Faculdade/Quarto Periodo/Arquitetura/Git-Monociclo/PROJETO-2-VA---PROCESSADOR-MONOCICLO-VERILOG/Monociclo/main.v Line: 103
Info (12128): Elaborating entity "dmem" for hierarchy "dmem:data_mem" File: D:/Faculdade/Quarto Periodo/Arquitetura/Git-Monociclo/PROJETO-2-VA---PROCESSADOR-MONOCICLO-VERILOG/Monociclo/main.v Line: 113
Warning (12125): Using design file mux_memtoreg.v, which is not specified as a design file for the current project, but contains definitions for 1 design units and 1 entities in project
    Info (12023): Found entity 1: mux_memtoreg File: D:/Faculdade/Quarto Periodo/Arquitetura/Git-Monociclo/PROJETO-2-VA---PROCESSADOR-MONOCICLO-VERILOG/Monociclo/mux_memtoreg.v Line: 1
Info (12128): Elaborating entity "mux_memtoreg" for hierarchy "mux_memtoreg:muxMemToReg" File: D:/Faculdade/Quarto Periodo/Arquitetura/Git-Monociclo/PROJETO-2-VA---PROCESSADOR-MONOCICLO-VERILOG/Monociclo/main.v Line: 121
Warning (12125): Using design file mux_branch.v, which is not specified as a design file for the current project, but contains definitions for 1 design units and 1 entities in project
    Info (12023): Found entity 1: mux_branch File: D:/Faculdade/Quarto Periodo/Arquitetura/Git-Monociclo/PROJETO-2-VA---PROCESSADOR-MONOCICLO-VERILOG/Monociclo/mux_branch.v Line: 1
Info (12128): Elaborating entity "mux_branch" for hierarchy "mux_branch:muxBranch" File: D:/Faculdade/Quarto Periodo/Arquitetura/Git-Monociclo/PROJETO-2-VA---PROCESSADOR-MONOCICLO-VERILOG/Monociclo/main.v Line: 135
Info (12128): Elaborating entity "mux_jump" for hierarchy "mux_jump:muxJump" File: D:/Faculdade/Quarto Periodo/Arquitetura/Git-Monociclo/PROJETO-2-VA---PROCESSADOR-MONOCICLO-VERILOG/Monociclo/main.v Line: 145
Info (10264): Verilog HDL Case Statement information at mux_jump.v(13): all case item expressions in this case statement are onehot File: D:/Faculdade/Quarto Periodo/Arquitetura/Git-Monociclo/PROJETO-2-VA---PROCESSADOR-MONOCICLO-VERILOG/Monociclo/mux_jump.v Line: 13
Warning (127007): Memory Initialization File or Hexadecimal (Intel-Format) File "D:/Faculdade/Quarto Periodo/Arquitetura/Git-Monociclo/PROJETO-2-VA---PROCESSADOR-MONOCICLO-VERILOG/Monociclo/db/main.ram0_I_MEM_5216bc9.hdl.mif" contains "don't care" values -- overwriting them with 0s
Info (276014): Found 2 instances of uninferred RAM logic
    Info (276004): RAM logic "dmem:data_mem|memory" is uninferred due to inappropriate RAM size File: D:/Faculdade/Quarto Periodo/Arquitetura/Git-Monociclo/PROJETO-2-VA---PROCESSADOR-MONOCICLO-VERILOG/Monociclo/dmem.v Line: 11
    Info (276013): RAM logic "I_MEM:instr_mem|memory" is uninferred because MIF is not supported for the selected family File: D:/Faculdade/Quarto Periodo/Arquitetura/Git-Monociclo/PROJETO-2-VA---PROCESSADOR-MONOCICLO-VERILOG/Monociclo/i_mem.v Line: 7
Warning (127007): Memory Initialization File or Hexadecimal (Intel-Format) File "D:/Faculdade/Quarto Periodo/Arquitetura/Git-Monociclo/PROJETO-2-VA---PROCESSADOR-MONOCICLO-VERILOG/Monociclo/db/main.ram0_I_MEM_5216bc9.hdl.mif" contains "don't care" values -- overwriting them with 0s
Warning (12241): 2 hierarchies have connectivity warnings - see the Connectivity Checks report folder
Warning (13046): Tri-state node(s) do not directly drive top-level pin(s)
    Warning (13047): Converted the fan-out from the tri-state buffer "dmem:data_mem|ReadData[0]" to the node "mux_memtoreg:muxMemToReg|WriteData[0]" into an OR gate File: D:/Faculdade/Quarto Periodo/Arquitetura/Git-Monociclo/PROJETO-2-VA---PROCESSADOR-MONOCICLO-VERILOG/Monociclo/dmem.v Line: 8
    Warning (13047): Converted the fan-out from the tri-state buffer "dmem:data_mem|ReadData[1]" to the node "mux_memtoreg:muxMemToReg|WriteData[1]" into an OR gate File: D:/Faculdade/Quarto Periodo/Arquitetura/Git-Monociclo/PROJETO-2-VA---PROCESSADOR-MONOCICLO-VERILOG/Monociclo/dmem.v Line: 8
    Warning (13047): Converted the fan-out from the tri-state buffer "dmem:data_mem|ReadData[2]" to the node "mux_memtoreg:muxMemToReg|WriteData[2]" into an OR gate File: D:/Faculdade/Quarto Periodo/Arquitetura/Git-Monociclo/PROJETO-2-VA---PROCESSADOR-MONOCICLO-VERILOG/Monociclo/dmem.v Line: 8
    Warning (13047): Converted the fan-out from the tri-state buffer "dmem:data_mem|ReadData[3]" to the node "mux_memtoreg:muxMemToReg|WriteData[3]" into an OR gate File: D:/Faculdade/Quarto Periodo/Arquitetura/Git-Monociclo/PROJETO-2-VA---PROCESSADOR-MONOCICLO-VERILOG/Monociclo/dmem.v Line: 8
    Warning (13047): Converted the fan-out from the tri-state buffer "dmem:data_mem|ReadData[4]" to the node "mux_memtoreg:muxMemToReg|WriteData[4]" into an OR gate File: D:/Faculdade/Quarto Periodo/Arquitetura/Git-Monociclo/PROJETO-2-VA---PROCESSADOR-MONOCICLO-VERILOG/Monociclo/dmem.v Line: 8
    Warning (13047): Converted the fan-out from the tri-state buffer "dmem:data_mem|ReadData[5]" to the node "mux_memtoreg:muxMemToReg|WriteData[5]" into an OR gate File: D:/Faculdade/Quarto Periodo/Arquitetura/Git-Monociclo/PROJETO-2-VA---PROCESSADOR-MONOCICLO-VERILOG/Monociclo/dmem.v Line: 8
    Warning (13047): Converted the fan-out from the tri-state buffer "dmem:data_mem|ReadData[6]" to the node "mux_memtoreg:muxMemToReg|WriteData[6]" into an OR gate File: D:/Faculdade/Quarto Periodo/Arquitetura/Git-Monociclo/PROJETO-2-VA---PROCESSADOR-MONOCICLO-VERILOG/Monociclo/dmem.v Line: 8
    Warning (13047): Converted the fan-out from the tri-state buffer "dmem:data_mem|ReadData[7]" to the node "mux_memtoreg:muxMemToReg|WriteData[7]" into an OR gate File: D:/Faculdade/Quarto Periodo/Arquitetura/Git-Monociclo/PROJETO-2-VA---PROCESSADOR-MONOCICLO-VERILOG/Monociclo/dmem.v Line: 8
    Warning (13047): Converted the fan-out from the tri-state buffer "dmem:data_mem|ReadData[8]" to the node "mux_memtoreg:muxMemToReg|WriteData[8]" into an OR gate File: D:/Faculdade/Quarto Periodo/Arquitetura/Git-Monociclo/PROJETO-2-VA---PROCESSADOR-MONOCICLO-VERILOG/Monociclo/dmem.v Line: 8
    Warning (13047): Converted the fan-out from the tri-state buffer "dmem:data_mem|ReadData[9]" to the node "mux_memtoreg:muxMemToReg|WriteData[9]" into an OR gate File: D:/Faculdade/Quarto Periodo/Arquitetura/Git-Monociclo/PROJETO-2-VA---PROCESSADOR-MONOCICLO-VERILOG/Monociclo/dmem.v Line: 8
    Warning (13047): Converted the fan-out from the tri-state buffer "dmem:data_mem|ReadData[10]" to the node "mux_memtoreg:muxMemToReg|WriteData[10]" into an OR gate File: D:/Faculdade/Quarto Periodo/Arquitetura/Git-Monociclo/PROJETO-2-VA---PROCESSADOR-MONOCICLO-VERILOG/Monociclo/dmem.v Line: 8
    Warning (13047): Converted the fan-out from the tri-state buffer "dmem:data_mem|ReadData[11]" to the node "mux_memtoreg:muxMemToReg|WriteData[11]" into an OR gate File: D:/Faculdade/Quarto Periodo/Arquitetura/Git-Monociclo/PROJETO-2-VA---PROCESSADOR-MONOCICLO-VERILOG/Monociclo/dmem.v Line: 8
    Warning (13047): Converted the fan-out from the tri-state buffer "dmem:data_mem|ReadData[12]" to the node "mux_memtoreg:muxMemToReg|WriteData[12]" into an OR gate File: D:/Faculdade/Quarto Periodo/Arquitetura/Git-Monociclo/PROJETO-2-VA---PROCESSADOR-MONOCICLO-VERILOG/Monociclo/dmem.v Line: 8
    Warning (13047): Converted the fan-out from the tri-state buffer "dmem:data_mem|ReadData[13]" to the node "mux_memtoreg:muxMemToReg|WriteData[13]" into an OR gate File: D:/Faculdade/Quarto Periodo/Arquitetura/Git-Monociclo/PROJETO-2-VA---PROCESSADOR-MONOCICLO-VERILOG/Monociclo/dmem.v Line: 8
    Warning (13047): Converted the fan-out from the tri-state buffer "dmem:data_mem|ReadData[14]" to the node "mux_memtoreg:muxMemToReg|WriteData[14]" into an OR gate File: D:/Faculdade/Quarto Periodo/Arquitetura/Git-Monociclo/PROJETO-2-VA---PROCESSADOR-MONOCICLO-VERILOG/Monociclo/dmem.v Line: 8
    Warning (13047): Converted the fan-out from the tri-state buffer "dmem:data_mem|ReadData[15]" to the node "mux_memtoreg:muxMemToReg|WriteData[15]" into an OR gate File: D:/Faculdade/Quarto Periodo/Arquitetura/Git-Monociclo/PROJETO-2-VA---PROCESSADOR-MONOCICLO-VERILOG/Monociclo/dmem.v Line: 8
    Warning (13047): Converted the fan-out from the tri-state buffer "dmem:data_mem|ReadData[16]" to the node "mux_memtoreg:muxMemToReg|WriteData[16]" into an OR gate File: D:/Faculdade/Quarto Periodo/Arquitetura/Git-Monociclo/PROJETO-2-VA---PROCESSADOR-MONOCICLO-VERILOG/Monociclo/dmem.v Line: 8
    Warning (13047): Converted the fan-out from the tri-state buffer "dmem:data_mem|ReadData[17]" to the node "mux_memtoreg:muxMemToReg|WriteData[17]" into an OR gate File: D:/Faculdade/Quarto Periodo/Arquitetura/Git-Monociclo/PROJETO-2-VA---PROCESSADOR-MONOCICLO-VERILOG/Monociclo/dmem.v Line: 8
    Warning (13047): Converted the fan-out from the tri-state buffer "dmem:data_mem|ReadData[18]" to the node "mux_memtoreg:muxMemToReg|WriteData[18]" into an OR gate File: D:/Faculdade/Quarto Periodo/Arquitetura/Git-Monociclo/PROJETO-2-VA---PROCESSADOR-MONOCICLO-VERILOG/Monociclo/dmem.v Line: 8
    Warning (13047): Converted the fan-out from the tri-state buffer "dmem:data_mem|ReadData[19]" to the node "mux_memtoreg:muxMemToReg|WriteData[19]" into an OR gate File: D:/Faculdade/Quarto Periodo/Arquitetura/Git-Monociclo/PROJETO-2-VA---PROCESSADOR-MONOCICLO-VERILOG/Monociclo/dmem.v Line: 8
    Warning (13047): Converted the fan-out from the tri-state buffer "dmem:data_mem|ReadData[20]" to the node "mux_memtoreg:muxMemToReg|WriteData[20]" into an OR gate File: D:/Faculdade/Quarto Periodo/Arquitetura/Git-Monociclo/PROJETO-2-VA---PROCESSADOR-MONOCICLO-VERILOG/Monociclo/dmem.v Line: 8
    Warning (13047): Converted the fan-out from the tri-state buffer "dmem:data_mem|ReadData[21]" to the node "mux_memtoreg:muxMemToReg|WriteData[21]" into an OR gate File: D:/Faculdade/Quarto Periodo/Arquitetura/Git-Monociclo/PROJETO-2-VA---PROCESSADOR-MONOCICLO-VERILOG/Monociclo/dmem.v Line: 8
    Warning (13047): Converted the fan-out from the tri-state buffer "dmem:data_mem|ReadData[22]" to the node "mux_memtoreg:muxMemToReg|WriteData[22]" into an OR gate File: D:/Faculdade/Quarto Periodo/Arquitetura/Git-Monociclo/PROJETO-2-VA---PROCESSADOR-MONOCICLO-VERILOG/Monociclo/dmem.v Line: 8
    Warning (13047): Converted the fan-out from the tri-state buffer "dmem:data_mem|ReadData[23]" to the node "mux_memtoreg:muxMemToReg|WriteData[23]" into an OR gate File: D:/Faculdade/Quarto Periodo/Arquitetura/Git-Monociclo/PROJETO-2-VA---PROCESSADOR-MONOCICLO-VERILOG/Monociclo/dmem.v Line: 8
    Warning (13047): Converted the fan-out from the tri-state buffer "dmem:data_mem|ReadData[24]" to the node "mux_memtoreg:muxMemToReg|WriteData[24]" into an OR gate File: D:/Faculdade/Quarto Periodo/Arquitetura/Git-Monociclo/PROJETO-2-VA---PROCESSADOR-MONOCICLO-VERILOG/Monociclo/dmem.v Line: 8
    Warning (13047): Converted the fan-out from the tri-state buffer "dmem:data_mem|ReadData[25]" to the node "mux_memtoreg:muxMemToReg|WriteData[25]" into an OR gate File: D:/Faculdade/Quarto Periodo/Arquitetura/Git-Monociclo/PROJETO-2-VA---PROCESSADOR-MONOCICLO-VERILOG/Monociclo/dmem.v Line: 8
    Warning (13047): Converted the fan-out from the tri-state buffer "dmem:data_mem|ReadData[26]" to the node "mux_memtoreg:muxMemToReg|WriteData[26]" into an OR gate File: D:/Faculdade/Quarto Periodo/Arquitetura/Git-Monociclo/PROJETO-2-VA---PROCESSADOR-MONOCICLO-VERILOG/Monociclo/dmem.v Line: 8
    Warning (13047): Converted the fan-out from the tri-state buffer "dmem:data_mem|ReadData[27]" to the node "mux_memtoreg:muxMemToReg|WriteData[27]" into an OR gate File: D:/Faculdade/Quarto Periodo/Arquitetura/Git-Monociclo/PROJETO-2-VA---PROCESSADOR-MONOCICLO-VERILOG/Monociclo/dmem.v Line: 8
    Warning (13047): Converted the fan-out from the tri-state buffer "dmem:data_mem|ReadData[28]" to the node "mux_memtoreg:muxMemToReg|WriteData[28]" into an OR gate File: D:/Faculdade/Quarto Periodo/Arquitetura/Git-Monociclo/PROJETO-2-VA---PROCESSADOR-MONOCICLO-VERILOG/Monociclo/dmem.v Line: 8
    Warning (13047): Converted the fan-out from the tri-state buffer "dmem:data_mem|ReadData[29]" to the node "mux_memtoreg:muxMemToReg|WriteData[29]" into an OR gate File: D:/Faculdade/Quarto Periodo/Arquitetura/Git-Monociclo/PROJETO-2-VA---PROCESSADOR-MONOCICLO-VERILOG/Monociclo/dmem.v Line: 8
    Warning (13047): Converted the fan-out from the tri-state buffer "dmem:data_mem|ReadData[30]" to the node "mux_memtoreg:muxMemToReg|WriteData[30]" into an OR gate File: D:/Faculdade/Quarto Periodo/Arquitetura/Git-Monociclo/PROJETO-2-VA---PROCESSADOR-MONOCICLO-VERILOG/Monociclo/dmem.v Line: 8
    Warning (13047): Converted the fan-out from the tri-state buffer "dmem:data_mem|ReadData[31]" to the node "mux_memtoreg:muxMemToReg|WriteData[31]" into an OR gate File: D:/Faculdade/Quarto Periodo/Arquitetura/Git-Monociclo/PROJETO-2-VA---PROCESSADOR-MONOCICLO-VERILOG/Monociclo/dmem.v Line: 8
Warning (13024): Output pins are stuck at VCC or GND
    Warning (13410): Pin "ALUResult[0]" is stuck at GND File: D:/Faculdade/Quarto Periodo/Arquitetura/Git-Monociclo/PROJETO-2-VA---PROCESSADOR-MONOCICLO-VERILOG/Monociclo/main.v Line: 5
    Warning (13410): Pin "ALUResult[1]" is stuck at GND File: D:/Faculdade/Quarto Periodo/Arquitetura/Git-Monociclo/PROJETO-2-VA---PROCESSADOR-MONOCICLO-VERILOG/Monociclo/main.v Line: 5
    Warning (13410): Pin "ALUResult[2]" is stuck at GND File: D:/Faculdade/Quarto Periodo/Arquitetura/Git-Monociclo/PROJETO-2-VA---PROCESSADOR-MONOCICLO-VERILOG/Monociclo/main.v Line: 5
    Warning (13410): Pin "ALUResult[3]" is stuck at GND File: D:/Faculdade/Quarto Periodo/Arquitetura/Git-Monociclo/PROJETO-2-VA---PROCESSADOR-MONOCICLO-VERILOG/Monociclo/main.v Line: 5
    Warning (13410): Pin "ALUResult[4]" is stuck at GND File: D:/Faculdade/Quarto Periodo/Arquitetura/Git-Monociclo/PROJETO-2-VA---PROCESSADOR-MONOCICLO-VERILOG/Monociclo/main.v Line: 5
    Warning (13410): Pin "ALUResult[5]" is stuck at GND File: D:/Faculdade/Quarto Periodo/Arquitetura/Git-Monociclo/PROJETO-2-VA---PROCESSADOR-MONOCICLO-VERILOG/Monociclo/main.v Line: 5
    Warning (13410): Pin "ALUResult[6]" is stuck at GND File: D:/Faculdade/Quarto Periodo/Arquitetura/Git-Monociclo/PROJETO-2-VA---PROCESSADOR-MONOCICLO-VERILOG/Monociclo/main.v Line: 5
    Warning (13410): Pin "ALUResult[7]" is stuck at GND File: D:/Faculdade/Quarto Periodo/Arquitetura/Git-Monociclo/PROJETO-2-VA---PROCESSADOR-MONOCICLO-VERILOG/Monociclo/main.v Line: 5
    Warning (13410): Pin "ALUResult[8]" is stuck at GND File: D:/Faculdade/Quarto Periodo/Arquitetura/Git-Monociclo/PROJETO-2-VA---PROCESSADOR-MONOCICLO-VERILOG/Monociclo/main.v Line: 5
    Warning (13410): Pin "ALUResult[9]" is stuck at GND File: D:/Faculdade/Quarto Periodo/Arquitetura/Git-Monociclo/PROJETO-2-VA---PROCESSADOR-MONOCICLO-VERILOG/Monociclo/main.v Line: 5
    Warning (13410): Pin "ALUResult[10]" is stuck at GND File: D:/Faculdade/Quarto Periodo/Arquitetura/Git-Monociclo/PROJETO-2-VA---PROCESSADOR-MONOCICLO-VERILOG/Monociclo/main.v Line: 5
    Warning (13410): Pin "ALUResult[11]" is stuck at GND File: D:/Faculdade/Quarto Periodo/Arquitetura/Git-Monociclo/PROJETO-2-VA---PROCESSADOR-MONOCICLO-VERILOG/Monociclo/main.v Line: 5
    Warning (13410): Pin "ALUResult[12]" is stuck at GND File: D:/Faculdade/Quarto Periodo/Arquitetura/Git-Monociclo/PROJETO-2-VA---PROCESSADOR-MONOCICLO-VERILOG/Monociclo/main.v Line: 5
    Warning (13410): Pin "ALUResult[13]" is stuck at GND File: D:/Faculdade/Quarto Periodo/Arquitetura/Git-Monociclo/PROJETO-2-VA---PROCESSADOR-MONOCICLO-VERILOG/Monociclo/main.v Line: 5
    Warning (13410): Pin "ALUResult[14]" is stuck at GND File: D:/Faculdade/Quarto Periodo/Arquitetura/Git-Monociclo/PROJETO-2-VA---PROCESSADOR-MONOCICLO-VERILOG/Monociclo/main.v Line: 5
    Warning (13410): Pin "ALUResult[15]" is stuck at GND File: D:/Faculdade/Quarto Periodo/Arquitetura/Git-Monociclo/PROJETO-2-VA---PROCESSADOR-MONOCICLO-VERILOG/Monociclo/main.v Line: 5
    Warning (13410): Pin "ALUResult[16]" is stuck at GND File: D:/Faculdade/Quarto Periodo/Arquitetura/Git-Monociclo/PROJETO-2-VA---PROCESSADOR-MONOCICLO-VERILOG/Monociclo/main.v Line: 5
    Warning (13410): Pin "ALUResult[17]" is stuck at GND File: D:/Faculdade/Quarto Periodo/Arquitetura/Git-Monociclo/PROJETO-2-VA---PROCESSADOR-MONOCICLO-VERILOG/Monociclo/main.v Line: 5
    Warning (13410): Pin "ALUResult[18]" is stuck at GND File: D:/Faculdade/Quarto Periodo/Arquitetura/Git-Monociclo/PROJETO-2-VA---PROCESSADOR-MONOCICLO-VERILOG/Monociclo/main.v Line: 5
    Warning (13410): Pin "ALUResult[19]" is stuck at GND File: D:/Faculdade/Quarto Periodo/Arquitetura/Git-Monociclo/PROJETO-2-VA---PROCESSADOR-MONOCICLO-VERILOG/Monociclo/main.v Line: 5
    Warning (13410): Pin "ALUResult[20]" is stuck at GND File: D:/Faculdade/Quarto Periodo/Arquitetura/Git-Monociclo/PROJETO-2-VA---PROCESSADOR-MONOCICLO-VERILOG/Monociclo/main.v Line: 5
    Warning (13410): Pin "ALUResult[21]" is stuck at GND File: D:/Faculdade/Quarto Periodo/Arquitetura/Git-Monociclo/PROJETO-2-VA---PROCESSADOR-MONOCICLO-VERILOG/Monociclo/main.v Line: 5
    Warning (13410): Pin "ALUResult[22]" is stuck at GND File: D:/Faculdade/Quarto Periodo/Arquitetura/Git-Monociclo/PROJETO-2-VA---PROCESSADOR-MONOCICLO-VERILOG/Monociclo/main.v Line: 5
    Warning (13410): Pin "ALUResult[23]" is stuck at GND File: D:/Faculdade/Quarto Periodo/Arquitetura/Git-Monociclo/PROJETO-2-VA---PROCESSADOR-MONOCICLO-VERILOG/Monociclo/main.v Line: 5
    Warning (13410): Pin "ALUResult[24]" is stuck at GND File: D:/Faculdade/Quarto Periodo/Arquitetura/Git-Monociclo/PROJETO-2-VA---PROCESSADOR-MONOCICLO-VERILOG/Monociclo/main.v Line: 5
    Warning (13410): Pin "ALUResult[25]" is stuck at GND File: D:/Faculdade/Quarto Periodo/Arquitetura/Git-Monociclo/PROJETO-2-VA---PROCESSADOR-MONOCICLO-VERILOG/Monociclo/main.v Line: 5
    Warning (13410): Pin "ALUResult[26]" is stuck at GND File: D:/Faculdade/Quarto Periodo/Arquitetura/Git-Monociclo/PROJETO-2-VA---PROCESSADOR-MONOCICLO-VERILOG/Monociclo/main.v Line: 5
    Warning (13410): Pin "ALUResult[27]" is stuck at GND File: D:/Faculdade/Quarto Periodo/Arquitetura/Git-Monociclo/PROJETO-2-VA---PROCESSADOR-MONOCICLO-VERILOG/Monociclo/main.v Line: 5
    Warning (13410): Pin "ALUResult[28]" is stuck at GND File: D:/Faculdade/Quarto Periodo/Arquitetura/Git-Monociclo/PROJETO-2-VA---PROCESSADOR-MONOCICLO-VERILOG/Monociclo/main.v Line: 5
    Warning (13410): Pin "ALUResult[29]" is stuck at GND File: D:/Faculdade/Quarto Periodo/Arquitetura/Git-Monociclo/PROJETO-2-VA---PROCESSADOR-MONOCICLO-VERILOG/Monociclo/main.v Line: 5
    Warning (13410): Pin "ALUResult[30]" is stuck at GND File: D:/Faculdade/Quarto Periodo/Arquitetura/Git-Monociclo/PROJETO-2-VA---PROCESSADOR-MONOCICLO-VERILOG/Monociclo/main.v Line: 5
    Warning (13410): Pin "ALUResult[31]" is stuck at GND File: D:/Faculdade/Quarto Periodo/Arquitetura/Git-Monociclo/PROJETO-2-VA---PROCESSADOR-MONOCICLO-VERILOG/Monociclo/main.v Line: 5
Info (286030): Timing-Driven Synthesis is running
Info (17049): 1 registers lost all their fanouts during netlist optimizations.
Info (144001): Generated suppressed messages file D:/Faculdade/Quarto Periodo/Arquitetura/Git-Monociclo/PROJETO-2-VA---PROCESSADOR-MONOCICLO-VERILOG/Monociclo/output_files/main.map.smsg
Info (16010): Generating hard_block partition "hard_block:auto_generated_inst"
    Info (16011): Adding 0 node(s), including 0 DDIO, 0 PLL, 0 transceiver and 0 LCELL
Info (21057): Implemented 2822 device resources after synthesis - the final resource count might be different
    Info (21058): Implemented 2 input pins
    Info (21059): Implemented 96 output pins
    Info (21061): Implemented 2724 logic cells
Info: Quartus Prime Analysis & Synthesis was successful. 0 errors, 82 warnings
    Info: Peak virtual memory: 4847 megabytes
    Info: Processing ended: Tue Mar 11 14:56:24 2025
    Info: Elapsed time: 00:00:08
    Info: Total CPU time (on all processors): 00:00:08


+------------------------------------------+
; Analysis & Synthesis Suppressed Messages ;
+------------------------------------------+
The suppressed messages can be found in D:/Faculdade/Quarto Periodo/Arquitetura/Git-Monociclo/PROJETO-2-VA---PROCESSADOR-MONOCICLO-VERILOG/Monociclo/output_files/main.map.smsg.


